<?xml version="1.0" encoding="UTF-8"?>
<!-- Generated by org.testng.reporters.JUnitReportReporter -->
<testsuite hostname="DESKTOP-AI1T1MA" failures="0" tests="3" name="projecttestng.testngday1" time="0.019" errors="0" timestamp="2025-06-13T12:33:42 IST" skipped="0">
  <testcase classname="projecttestng.testngday1" name="Test2" time="0.001"/>
  <testcase classname="projecttestng.testngday1" name="Test1" time="0.013"/>
  <testcase classname="projecttestng.testngday1" name="Test3" time="0.005"/>
</testsuite> <!-- projecttestng.testngday1 -->
